d:\devenvironment\breakout\openglsample\debug\vc143.pdb
d:\devenvironment\breakout\openglsample\debug\vc143.idb
d:\devenvironment\breakout\openglsample\debug\texture.obj
d:\devenvironment\breakout\openglsample\debug\textrenderer.obj
d:\devenvironment\breakout\openglsample\debug\stb_image.obj
d:\devenvironment\breakout\openglsample\debug\sprite_renderer.obj
d:\devenvironment\breakout\openglsample\debug\source.obj
d:\devenvironment\breakout\openglsample\debug\shader.obj
d:\devenvironment\breakout\openglsample\debug\resource_manager.obj
d:\devenvironment\breakout\openglsample\debug\postprocessor.obj
d:\devenvironment\breakout\openglsample\debug\particlegenerator.obj
d:\devenvironment\breakout\openglsample\debug\game_object.obj
d:\devenvironment\breakout\openglsample\debug\game_level.obj
d:\devenvironment\breakout\openglsample\debug\game.obj
d:\devenvironment\breakout\openglsample\debug\ball.obj
d:\devenvironment\breakout\openglsample\debug\glad.obj
d:\devenvironment\breakout\openglsample\debug\myscene.ilk
d:\devenvironment\breakout\debug\myscene.exe
d:\devenvironment\breakout\debug\myscene.pdb
d:\devenvironment\breakout\openglsample\debug\myscene.tlog\cl.command.1.tlog
d:\devenvironment\breakout\openglsample\debug\myscene.tlog\cl.items.tlog
d:\devenvironment\breakout\openglsample\debug\myscene.tlog\cl.read.1.tlog
d:\devenvironment\breakout\openglsample\debug\myscene.tlog\cl.write.1.tlog
d:\devenvironment\breakout\openglsample\debug\myscene.tlog\link.command.1.tlog
d:\devenvironment\breakout\openglsample\debug\myscene.tlog\link.read.1.tlog
d:\devenvironment\breakout\openglsample\debug\myscene.tlog\link.write.1.tlog
