d:\devenvironment\learnopenglsample\openglsample\openglsample\debug\vc143.pdb
d:\devenvironment\learnopenglsample\openglsample\openglsample\debug\vc143.idb
d:\devenvironment\learnopenglsample\openglsample\openglsample\debug\glad.obj
d:\devenvironment\learnopenglsample\openglsample\openglsample\debug\shader.obj
d:\devenvironment\learnopenglsample\openglsample\openglsample\debug\source.obj
d:\devenvironment\module 3 assignment\openglsample\debug\vc143.pdb
d:\devenvironment\module 3 assignment\openglsample\debug\vc143.idb
d:\devenvironment\module 3 assignment\openglsample\debug\glad.obj
d:\devenvironment\module 3 assignment\openglsample\debug\source.obj
d:\devenvironment\learnopenglsample\openglsample\debug\openglsample.exe
d:\devenvironment\learnopenglsample\openglsample\openglsample\debug\openglsample.ilk
d:\devenvironment\learnopenglsample\openglsample\debug\openglsample.pdb
d:\devenvironment\module 3 assignment\debug\openglsample.exe
d:\devenvironment\module 3 assignment\openglsample\debug\openglsample.ilk
d:\devenvironment\module 3 assignment\debug\openglsample.pdb
d:\devenvironment\module 3 assignment\openglsample\debug\shader.obj
d:\devenvironment\module 3 assignment\openglsample\debug\openglsample.tlog\cl.command.1.tlog
d:\devenvironment\module 3 assignment\openglsample\debug\openglsample.tlog\cl.read.1.tlog
d:\devenvironment\module 3 assignment\openglsample\debug\openglsample.tlog\cl.write.1.tlog
d:\devenvironment\module 3 assignment\openglsample\debug\openglsample.tlog\link.command.1.tlog
d:\devenvironment\module 3 assignment\openglsample\debug\openglsample.tlog\link.read.1.tlog
d:\devenvironment\module 3 assignment\openglsample\debug\openglsample.tlog\link.write.1.tlog
